<?xml version="1.0" encoding="UTF-8"?>
<!-- Generated by org.testng.reporters.JUnitReportReporter -->
<testsuite hostname="LAPTOP-2KSH9VVC" name="com.api.com.api.testing.SocialLogin" tests="1" failures="0" timestamp="4 Dec 2018 13:07:51 GMT" time="0.000" errors="0">
  <testcase name="Login" time="0.000" classname="com.api.com.api.testing.SocialLogin"/>
</testsuite> <!-- com.api.com.api.testing.SocialLogin -->
