<?xml version="1.0" encoding="UTF-8"?>
<!-- Generated by org.testng.reporters.JUnitReportReporter -->
<testsuite hostname="LAPTOP-2KSH9VVC" name="com.api.com.api.testing.UserLoginToJam" tests="1" failures="0" timestamp="4 Dec 2018 13:07:51 GMT" time="0.002" errors="0">
  <testcase name="getJam" time="0.002" classname="com.api.com.api.testing.UserLoginToJam"/>
</testsuite> <!-- com.api.com.api.testing.UserLoginToJam -->
