<?xml version="1.0" encoding="UTF-8"?>
<!-- Generated by org.testng.reporters.JUnitReportReporter -->
<testsuite hostname="LAPTOP-2KSH9VVC" name="com.api.com.api.testing.ProfileCheck" tests="1" failures="0" timestamp="4 Dec 2018 14:45:23 GMT" time="0.593" errors="0">
  <testcase name="Log" time="0.593" classname="com.api.com.api.testing.ProfileCheck"/>
</testsuite> <!-- com.api.com.api.testing.ProfileCheck -->
