<?xml version="1.0" encoding="UTF-8"?>
<!-- Generated by org.testng.reporters.JUnitReportReporter -->
<testsuite hostname="LAPTOP-2KSH9VVC" name="com.api.com.api.testing.AppTest" tests="1" failures="0" timestamp="4 Dec 2018 12:12:35 GMT" time="2.577" errors="0">
  <testcase name="Log" time="2.577" classname="com.api.com.api.testing.AppTest"/>
</testsuite> <!-- com.api.com.api.testing.AppTest -->
