<?xml version="1.0" encoding="UTF-8"?>
<!-- Generated by org.testng.reporters.JUnitReportReporter -->
<testsuite hostname="LAPTOP-2KSH9VVC" name="com.api.com.api.testing.Login" tests="1" failures="0" timestamp="4 Dec 2018 14:45:23 GMT" time="2.656" errors="0">
  <testcase name="Log" time="2.656" classname="com.api.com.api.testing.Login"/>
</testsuite> <!-- com.api.com.api.testing.Login -->
